<?xml version="1.0" encoding="UTF-8"?>
<!-- Generated by org.testng.reporters.JUnitReportReporter -->
<testsuite hostname="DESKTOP-H1FD7QU" failures="0" tests="1" name="com.inetBanking.PageObjects.TC_LoginTest_001" time="3.658" errors="0" timestamp="2023-10-21T15:06:12 IST" skipped="0">
  <testcase classname="com.inetBanking.PageObjects.TC_LoginTest_001" name="Login" time="3.658"/>
</testsuite> <!-- com.inetBanking.PageObjects.TC_LoginTest_001 -->
