<?xml version="1.0" encoding="UTF-8"?>
<!-- Generated by org.testng.reporters.JUnitReportReporter -->
<testsuite hostname="DESKTOP-H1FD7QU" failures="0" tests="1" name="com.inetBanking.TestCases.TC_LoginTest_001" time="3.262" errors="0" timestamp="2023-10-21T18:27:27 IST" skipped="0">
  <testcase classname="com.inetBanking.TestCases.TC_LoginTest_001" name="Login" time="3.262"/>
</testsuite> <!-- com.inetBanking.TestCases.TC_LoginTest_001 -->
